

 ETABS Ultimate 64-bit 21.0.0 Build 3143 (Analysis Build 9932/64)
 File: D:\webDev\take06\testStructure\flatSlab.LOG




 B E G I N   A N A L Y S I S                                2024/01/10  10:17:20


 RUNNING ANALYSIS AS A SEPARATE PROCESS
 USING THE ADVANCED SOLVER (PROVIDES LIMITED INSTABILITY INFORMATION)

 NUMBER OF JOINTS                          =        2888
    WITH RESTRAINTS                        =          20
    WITH MASS                              =          20
 NUMBER OF FRAME/TENDON ELEMENTS           =         412
 NUMBER OF SHELL ELEMENTS                  =        2768
 NUMBER OF CONSTRAINTS/WELDS               =           4
 NUMBER OF LOAD PATTERNS                   =          11
 NUMBER OF ACCELERATION LOADS              =           9
 NUMBER OF LOAD CASES                      =           6
 NUMBER OF MASS SOURCES                    =           1

 UNITS (FORCE, LENGTH, TEMPERATURE, TIME)  = N, mm, °C, sec
 GRAVITATIONAL ACCELERATION                =    9806.650

 ADDRESSABLE PHYSICAL MEMORY (RAM)         =      15.812 GB

 PARALLELIZATION OF ANALYSIS OPERATIONS:
  (Env. variable SAPFIRE_NUM_THREADS not set)
 NUMBER OF THREADS: STATE (AUTOMATIC)      =           6
 NUMBER OF THREADS: STIFFNESS (AUTOMATIC)  =           6
 NUMBER OF THREADS: EVENT (AUTOMATIC)      =           6
 NUMBER OF THREADS: MOVE (AUTOMATIC)       =           6
 NUMBER OF THREADS: RESPONSE (AUTOMATIC)   =           6
 NUMBER OF THREADS: SOLVE (AUTOMATIC)      =           6
 NUMBER OF THREADS: FORM (AUTOMATIC)       =           6


 E L E M E N T   F O R M A T I O N                                      10:17:20


 NUMBER OF COUPLED CONSTRAINT EQUATIONS    =           0


 L I N E A R   E Q U A T I O N   S O L U T I O N                        10:17:21

 FORMING STIFFNESS AT ZERO (UNSTRESSED) INITIAL CONDITIONS

 TOTAL NUMBER OF EQUILIBRIUM EQUATIONS     =        8520
 NUMBER OF NON-ZERO STIFFNESS TERMS        =      139179

 ---------------------------------
 BASIC STABILITY CHECK FOR LINEAR LOAD CASES:
    NUMBER OF NEGATIVE STIFFNESS EIGENVALUES SHOULD BE ZERO FOR STABILITY.
    (NOTE: FURTHER CHECKS SHOULD BE CONSIDERED AS DEEMED NECESSARY,
     SUCH AS REVIEWING EIGEN MODES FOR MECHANISMS AND RIGID-BODY MOTION)

    NUMBER OF NEGATIVE EIGENVALUES         =           0,  OK.
 ---------------------------------


 L I N E A R   S T A T I C   C A S E S                                  10:17:21

 USING STIFFNESS AT ZERO (UNSTRESSED) INITIAL CONDITIONS

 TOTAL NUMBER OF CASES TO SOLVE            =           4
 NUMBER OF CASES TO SOLVE PER BLOCK        =           4

 LINEAR STATIC CASES TO BE SOLVED:

 CASE: DEAD
 CASE: LIVE
 CASE: WIND
 CASE: ~LLRF


 M U L T I - S T E P   L I N E A R   S T A T I C   A N A L Y S I S      10:17:22

 CASE: EQ

 USING STIFFNESS AT ZERO (UNSTRESSED) INITIAL CONDITIONS

 NUMBER OF LOAD STEPS                      =           6


 Solving load steps:       1 to       6
 NUMBER OF OUTPUT STEPS SAVED              =           6


 E I G E N   M O D A L   A N A L Y S I S                                10:17:22

 CASE: MODAL

 USING STIFFNESS AT ZERO (UNSTRESSED) INITIAL CONDITIONS

 NUMBER OF STIFFNESS DEGREES OF FREEDOM    =        8520
 NUMBER OF MASS DEGREES OF FREEDOM         =          12
 MAXIMUM NUMBER OF EIGEN MODES SOUGHT      =          12
 MINIMUM NUMBER OF EIGEN MODES SOUGHT      =           1
 NUMBER OF RESIDUAL-MASS MODES SOUGHT      =           0
 NUMBER OF SUBSPACE VECTORS USED           =          12
 RELATIVE CONVERGENCE TOLERANCE            =    1.00E-09

 FREQUENCY SHIFT  (CENTER) (CYC/TIME)      =     .000000
 FREQUENCY CUTOFF (RADIUS) (CYC/TIME)      =  -INFINITY-
 ALLOW AUTOMATIC FREQUENCY SHIFTING        =         YES


 Original stiffness at shift : EV= 0.0000000E+00, f=     .000000, T=  -INFINITY-
 Number of eigenvalues below shift =      0

 Found mode      1 of     12:  EV= 5.8905320E-02, f=    0.038628, T=   25.888245
 Found mode      2 of     12:  EV= 5.8906035E-02, f=    0.038628, T=   25.888088
 Found mode      3 of     12:  EV= 9.4960519E-02, f=    0.049045, T=   20.389582
 Found mode      4 of     12:  EV= 7.6986442E-01, f=    0.139646, T=    7.160985
 Found mode      5 of     12:  EV= 7.6987388E-01, f=    0.139646, T=    7.160941
 Found mode      6 of     12:  EV= 1.2555382E+00, f=    0.178334, T=    5.607443
 Found mode      7 of     12:  EV= 2.4922100E+00, f=    0.251254, T=    3.980041
 Found mode      8 of     12:  EV= 2.4922348E+00, f=    0.251255, T=    3.980021
 Found mode      9 of     12:  EV= 3.9566310E+00, f=    0.316580, T=    3.158763
 Found mode     10 of     12:  EV= 4.6160557E+00, f=    0.341945, T=    2.924451
 Found mode     11 of     12:  EV= 4.6160734E+00, f=    0.341945, T=    2.924445
 Found mode     12 of     12:  EV= 7.0809536E+00, f=    0.423512, T=    2.361207

 NUMBER OF EIGEN MODES FOUND               =          12
 NUMBER OF ITERATIONS PERFORMED            =           1
 NUMBER OF STIFFNESS SHIFTS                =           0


 A N A L Y S I S   C O M P L E T E                          2024/01/10  10:17:24


 ETABS Ultimate 64-bit 21.0.0 Build 3143 (Analysis Build 9932/64)
 File: D:\webDev\take06\testStructure\flatSlab.LOG




 B E G I N   A N A L Y S I S                                2024/01/10  10:17:30


 RUNNING ANALYSIS AS A SEPARATE PROCESS
 USING THE ADVANCED SOLVER (PROVIDES LIMITED INSTABILITY INFORMATION)

 NUMBER OF JOINTS                          =        2888
    WITH RESTRAINTS                        =          20
    WITH MASS                              =          20
 NUMBER OF FRAME/TENDON ELEMENTS           =         412
 NUMBER OF SHELL ELEMENTS                  =        2768
 NUMBER OF CONSTRAINTS/WELDS               =           4
 NUMBER OF LOAD PATTERNS                   =          11
 NUMBER OF ACCELERATION LOADS              =           9
 NUMBER OF LOAD CASES                      =           6
 NUMBER OF MASS SOURCES                    =           1

 UNITS (FORCE, LENGTH, TEMPERATURE, TIME)  = N, mm, °C, sec
 GRAVITATIONAL ACCELERATION                =    9806.650

 ADDRESSABLE PHYSICAL MEMORY (RAM)         =      15.812 GB

 PARALLELIZATION OF ANALYSIS OPERATIONS:
  (Env. variable SAPFIRE_NUM_THREADS not set)
 NUMBER OF THREADS: STATE (AUTOMATIC)      =           6
 NUMBER OF THREADS: STIFFNESS (AUTOMATIC)  =           6
 NUMBER OF THREADS: EVENT (AUTOMATIC)      =           6
 NUMBER OF THREADS: MOVE (AUTOMATIC)       =           6
 NUMBER OF THREADS: RESPONSE (AUTOMATIC)   =           6
 NUMBER OF THREADS: SOLVE (AUTOMATIC)      =           6
 NUMBER OF THREADS: FORM (AUTOMATIC)       =           6


 E L E M E N T   F O R M A T I O N                                      10:17:30


 NUMBER OF COUPLED CONSTRAINT EQUATIONS    =           0


 L I N E A R   E Q U A T I O N   S O L U T I O N                        10:17:31

 FORMING STIFFNESS AT ZERO (UNSTRESSED) INITIAL CONDITIONS

 TOTAL NUMBER OF EQUILIBRIUM EQUATIONS     =        8520
 NUMBER OF NON-ZERO STIFFNESS TERMS        =      139179

 ---------------------------------
 BASIC STABILITY CHECK FOR LINEAR LOAD CASES:
    NUMBER OF NEGATIVE STIFFNESS EIGENVALUES SHOULD BE ZERO FOR STABILITY.
    (NOTE: FURTHER CHECKS SHOULD BE CONSIDERED AS DEEMED NECESSARY,
     SUCH AS REVIEWING EIGEN MODES FOR MECHANISMS AND RIGID-BODY MOTION)

    NUMBER OF NEGATIVE EIGENVALUES         =           0,  OK.
 ---------------------------------


 M U L T I - S T E P   L I N E A R   S T A T I C   A N A L Y S I S      10:17:31

 CASE: EQ

 USING STIFFNESS AT ZERO (UNSTRESSED) INITIAL CONDITIONS

 NUMBER OF LOAD STEPS                      =           6


 Solving load steps:       1 to       6
 NUMBER OF OUTPUT STEPS SAVED              =           6


 A N A L Y S I S   C O M P L E T E                          2024/01/10  10:17:32
